TN:
SF:src/routes/fibonacci.ts
FN:21,(anonymous_0)
FNF:1
FNH:1
FNDA:4,(anonymous_0)
DA:1,1
DA:2,1
DA:3,1
DA:4,1
DA:5,1
DA:6,1
DA:7,1
DA:8,1
DA:10,1
DA:16,1
DA:22,4
DA:23,4
DA:29,4
DA:30,4
DA:31,1
DA:37,3
DA:41,3
DA:42,1
DA:48,2
DA:49,2
DA:50,2
DA:51,2
DA:52,2
DA:54,2
DA:63,2
DA:77,0
DA:81,0
DA:89,1
LF:28
LH:26
BRDA:30,0,0,1
BRDA:37,1,0,2
BRDA:37,1,1,1
BRDA:41,2,0,1
BRDA:78,3,0,0
BRDA:78,3,1,0
BRDA:83,4,0,0
BRDA:83,4,1,0
BRF:8
BRH:4
end_of_record
TN:
SF:src/services/levels/confluenceDetector.ts
FN:35,detectConfluence
FN:68,(anonymous_1)
FN:94,(anonymous_2)
FN:95,(anonymous_3)
FN:113,(anonymous_4)
FN:130,(anonymous_5)
FN:136,formatConfluenceForAI
FN:141,(anonymous_7)
FN:143,(anonymous_8)
FNF:9
FNH:9
FNDA:1,detectConfluence
FNDA:33,(anonymous_1)
FNDA:9,(anonymous_2)
FNDA:9,(anonymous_3)
FNDA:9,(anonymous_4)
FNDA:1,(anonymous_5)
FNDA:2,formatConfluenceForAI
FNDA:1,(anonymous_7)
FNDA:2,(anonymous_8)
DA:24,1
DA:35,1
DA:41,1
DA:43,1
DA:44,2
DA:46,1
DA:47,1
DA:50,1
DA:51,1
DA:52,7
DA:53,7
DA:61,1
DA:62,1
DA:64,1
DA:65,1
DA:68,33
DA:70,1
DA:71,1
DA:73,1
DA:74,12
DA:76,5
DA:77,5
DA:78,5
DA:80,5
DA:81,28
DA:82,28
DA:83,28
DA:84,28
DA:85,7
DA:86,7
DA:90,5
DA:91,3
DA:94,9
DA:95,9
DA:96,2
DA:97,2
DA:99,2
DA:105,2
DA:109,2
DA:113,9
DA:124,1
DA:130,1
DA:136,1
DA:137,2
DA:138,1
DA:141,1
DA:142,1
DA:143,2
DA:146,1
DA:149,1
LF:50
LH:50
BRDA:50,0,0,1
BRDA:61,1,0,1
BRDA:64,2,0,1
BRDA:74,3,0,7
BRDA:81,4,0,0
BRDA:84,5,0,7
BRDA:90,6,0,3
BRDA:99,7,0,2
BRDA:99,7,1,0
BRDA:101,8,0,0
BRDA:101,8,1,0
BRDA:105,9,0,2
BRDA:105,9,1,0
BRDA:106,10,0,1
BRDA:106,10,1,1
BRDA:137,11,0,1
BRF:16
BRH:11
end_of_record
TN:
SF:src/services/levels/levelTestTracker.ts
FN:34,buildCacheKey
FN:41,inferSide
FN:51,wasLevelTouched
FN:66,getTouchResult
FN:85,findLevelTests
FN:122,toMap
FN:129,readCachedLevelTests
FN:146,writeCachedLevelTests
FN:171,analyzeLevelTests
FN:195,(anonymous_9)
FN:197,(anonymous_10)
FN:228,formatLevelTestSummary
FNF:12
FNH:12
FNDA:18,buildCacheKey
FNDA:9,inferSide
FNDA:20,wasLevelTouched
FNDA:10,getTouchResult
FNDA:9,findLevelTests
FNDA:1,toMap
FNDA:10,readCachedLevelTests
FNDA:8,writeCachedLevelTests
FNDA:10,analyzeLevelTests
FNDA:10,(anonymous_9)
FNDA:10,(anonymous_10)
FNDA:2,formatLevelTestSummary
DA:2,1
DA:3,1
DA:6,1
DA:7,1
DA:35,18
DA:42,9
DA:43,8
DA:45,1
DA:57,20
DA:58,18
DA:60,2
DA:71,10
DA:72,9
DA:74,1
DA:90,9
DA:91,9
DA:92,9
DA:94,9
DA:95,20
DA:96,20
DA:97,9
DA:101,11
DA:102,1
DA:105,10
DA:106,10
DA:113,10
DA:116,9
DA:123,1
DA:130,10
DA:131,10
DA:132,9
DA:133,1
DA:135,1
DA:139,1
DA:150,8
DA:151,8
DA:152,8
DA:154,0
DA:171,1
DA:178,10
DA:179,10
DA:180,10
DA:181,1
DA:182,1
DA:185,9
DA:187,9
DA:188,9
DA:189,9
DA:191,9
DA:192,1
DA:195,10
DA:196,8
DA:197,10
DA:198,8
DA:200,7
DA:213,8
DA:214,8
DA:216,1
DA:221,1
DA:228,1
DA:229,2
DA:230,1
DA:233,1
DA:241,1
DA:242,1
DA:248,1
LF:66
LH:65
BRDA:42,0,0,8
BRDA:42,1,0,9
BRDA:42,1,1,2
BRDA:45,2,0,1
BRDA:45,2,1,0
BRDA:57,3,0,18
BRDA:58,4,0,18
BRDA:58,4,1,11
BRDA:58,4,2,3
BRDA:60,5,0,2
BRDA:60,5,1,1
BRDA:60,5,2,1
BRDA:71,6,0,9
BRDA:72,7,0,6
BRDA:72,7,1,3
BRDA:74,8,0,1
BRDA:74,8,1,0
BRDA:96,9,0,9
BRDA:101,10,0,1
BRDA:105,11,0,9
BRDA:105,11,1,1
BRDA:132,12,0,8
BRDA:137,13,0,1
BRDA:137,13,1,0
BRDA:156,14,0,0
BRDA:156,14,1,0
BRDA:180,15,0,1
BRDA:191,16,0,1
BRDA:208,17,0,7
BRDA:208,17,1,0
BRDA:209,18,0,7
BRDA:209,18,1,0
BRDA:219,19,0,1
BRDA:219,19,1,0
BRDA:229,20,0,1
BRDA:233,21,0,1
BRDA:233,21,1,0
BRDA:242,22,0,1
BRDA:242,22,1,0
BRDA:244,23,0,0
BRDA:244,23,1,0
BRF:41
BRH:29
end_of_record
TN:
SF:src/services/levels/calculators/fibonacciRetracement.ts
FN:42,roundPrice
FN:53,findSwingPoints
FN:90,buildLevels
FN:138,calculateFibonacciRetracement
FN:178,findClosestFibLevel
FNF:5
FNH:5
FNDA:37,roundPrice
FNDA:4,findSwingPoints
FNDA:4,buildLevels
FNDA:5,calculateFibonacciRetracement
FNDA:1,findClosestFibLevel
DA:43,37
DA:54,4
DA:55,4
DA:57,4
DA:58,4
DA:59,4
DA:60,4
DA:62,4
DA:63,25
DA:64,25
DA:65,16
DA:66,16
DA:68,25
DA:69,7
DA:70,7
DA:74,4
DA:95,4
DA:97,4
DA:117,4
DA:138,1
DA:144,5
DA:145,1
DA:148,4
DA:149,4
DA:151,4
DA:155,4
DA:157,4
DA:178,1
DA:182,1
DA:183,1
DA:185,1
DA:187,1
DA:188,7
DA:189,7
DA:190,5
DA:191,5
DA:195,1
DA:196,1
LF:38
LH:38
BRDA:64,0,0,16
BRDA:68,1,0,7
BRDA:97,2,0,2
BRDA:97,2,1,2
BRDA:141,3,0,1
BRDA:142,4,0,1
BRDA:144,5,0,1
BRDA:151,6,0,2
BRDA:151,6,1,2
BRDA:189,7,0,5
BRF:10
BRH:10
end_of_record
