TN:
SF:lib/error-handler.ts
FN:26,extractMessage
FN:33,extractRetryAfterSeconds
FN:53,readErrorBody
FN:65,createAppErrorFromResponse
FN:92,createAppError
FN:114,titleForCategory
FN:131,descriptionForError
FN:143,notifyAppError
FN:160,withExponentialBackoff
FN:176,(anonymous_9)
FNF:10
FNH:10
FNDA:4,extractMessage
FNDA:4,extractRetryAfterSeconds
FNDA:4,readErrorBody
FNDA:4,createAppErrorFromResponse
FNDA:3,createAppError
FNDA:1,titleForCategory
FNDA:1,descriptionForError
FNDA:1,notifyAppError
FNDA:2,withExponentialBackoff
FNDA:2,(anonymous_9)
DA:27,4
DA:28,4
DA:29,4
DA:30,4
DA:34,4
DA:35,4
DA:36,4
DA:37,1
DA:40,3
DA:41,3
DA:42,3
DA:43,0
DA:45,3
DA:46,0
DA:50,3
DA:54,4
DA:55,4
DA:57,0
DA:58,0
DA:60,0
DA:66,4
DA:67,4
DA:68,4
DA:69,4
DA:71,4
DA:72,1
DA:74,3
DA:75,1
DA:77,2
DA:78,1
DA:86,1
DA:87,1
DA:89,0
DA:93,3
DA:94,1
DA:96,1
DA:102,1
DA:104,0
DA:107,2
DA:108,1
DA:111,1
DA:115,1
DA:117,0
DA:119,0
DA:121,0
DA:123,1
DA:125,0
DA:127,0
DA:132,1
DA:133,1
DA:135,0
DA:144,1
DA:164,2
DA:165,2
DA:167,2
DA:168,2
DA:169,4
DA:170,4
DA:172,3
DA:173,1
DA:175,2
DA:176,2
DA:177,2
LF:63
LH:50
BRDA:27,0,0,0
BRDA:27,0,1,4
BRDA:27,1,0,4
BRDA:27,1,1,4
BRDA:29,2,0,4
BRDA:29,2,1,2
BRDA:30,3,0,4
BRDA:30,3,1,0
BRDA:30,4,0,4
BRDA:30,4,1,4
BRDA:35,5,0,1
BRDA:35,5,1,3
BRDA:36,6,0,1
BRDA:36,6,1,3
BRDA:36,7,0,4
BRDA:36,7,1,1
BRDA:40,8,0,3
BRDA:40,8,1,0
BRDA:40,9,0,3
BRDA:40,9,1,3
BRDA:42,10,0,0
BRDA:42,10,1,3
BRDA:42,11,0,3
BRDA:42,11,1,0
BRDA:45,12,0,0
BRDA:45,12,1,3
BRDA:45,13,0,3
BRDA:45,13,1,0
BRDA:68,14,0,4
BRDA:68,14,1,0
BRDA:71,15,0,1
BRDA:71,15,1,3
BRDA:74,16,0,1
BRDA:74,16,1,2
BRDA:74,17,0,3
BRDA:74,17,1,2
BRDA:77,18,0,1
BRDA:77,18,1,1
BRDA:86,19,0,1
BRDA:86,19,1,0
BRDA:93,20,0,1
BRDA:93,20,1,2
BRDA:96,21,0,1
BRDA:96,21,1,0
BRDA:97,22,0,1
BRDA:97,22,1,1
BRDA:97,22,2,0
BRDA:97,22,3,0
BRDA:107,23,0,1
BRDA:107,23,1,1
BRDA:115,24,0,0
BRDA:115,24,1,0
BRDA:115,24,2,0
BRDA:115,24,3,1
BRDA:115,24,4,0
BRDA:115,24,5,0
BRDA:132,25,0,1
BRDA:132,25,1,0
BRDA:132,26,0,1
BRDA:132,26,1,1
BRDA:146,27,0,0
BRDA:146,27,1,1
BRDA:148,28,0,0
BRDA:148,28,1,0
BRDA:164,29,0,2
BRDA:164,29,1,0
BRDA:165,30,0,2
BRDA:165,30,1,0
BRDA:172,31,0,1
BRDA:172,31,1,2
BRF:70
BRH:47
end_of_record
TN:
SF:lib/rate-limit.ts
FN:33,(anonymous_0)
FN:47,hasUpstashConfig
FN:51,getRedisClient
FN:61,toUpstashWindow
FN:66,normalizeResetTimestamp
FN:77,getRatelimiter
FN:93,checkRateLimitInMemory
FN:132,checkRateLimit
FN:156,getClientIp
FNF:9
FNH:8
FNDA:0,(anonymous_0)
FNDA:6,hasUpstashConfig
FNDA:2,getRedisClient
FNDA:2,toUpstashWindow
FNDA:1,normalizeResetTimestamp
FNDA:3,getRatelimiter
FNDA:5,checkRateLimitInMemory
FNDA:6,checkRateLimit
FNDA:3,getClientIp
DA:30,6
DA:33,6
DA:34,0
DA:35,0
DA:36,0
DA:37,0
DA:41,6
DA:43,6
DA:44,6
DA:45,6
DA:48,6
DA:52,2
DA:53,2
DA:58,2
DA:62,2
DA:63,2
DA:67,1
DA:68,0
DA:71,1
DA:72,1
DA:74,0
DA:78,3
DA:79,3
DA:80,3
DA:82,2
DA:89,2
DA:90,2
DA:94,5
DA:95,5
DA:96,5
DA:98,5
DA:100,5
DA:101,2
DA:102,2
DA:103,2
DA:110,3
DA:112,3
DA:113,2
DA:120,1
DA:133,6
DA:134,3
DA:137,3
DA:138,3
DA:139,1
DA:145,2
DA:146,1
DA:147,1
DA:149,2
DA:158,3
DA:159,3
DA:160,1
DA:163,2
DA:164,2
DA:165,1
DA:169,1
DA:175,6
LF:56
LH:50
BRDA:36,0,0,0
BRDA:36,0,1,0
BRDA:48,1,0,6
BRDA:48,1,1,3
BRDA:52,2,0,2
BRDA:52,2,1,0
BRDA:67,3,0,0
BRDA:67,3,1,1
BRDA:67,4,0,1
BRDA:67,4,1,1
BRDA:71,5,0,1
BRDA:71,5,1,0
BRDA:80,6,0,1
BRDA:80,6,1,2
BRDA:100,7,0,2
BRDA:100,7,1,3
BRDA:100,8,0,5
BRDA:100,8,1,3
BRDA:112,9,0,2
BRDA:112,9,1,1
BRDA:133,10,0,3
BRDA:133,10,1,3
BRDA:145,11,0,1
BRDA:145,11,1,1
BRDA:159,12,0,1
BRDA:159,12,1,2
BRDA:164,13,0,1
BRDA:164,13,1,1
BRF:28
BRH:23
end_of_record
TN:
SF:lib/sanitize.ts
FN:5,sanitizeContent
FN:24,sanitizeUUID
FN:32,sanitizeSymbol
FNF:3
FNH:3
FNDA:2,sanitizeContent
FNDA:2,sanitizeUUID
FNDA:2,sanitizeSymbol
DA:6,2
DA:8,2
DA:25,2
DA:26,2
DA:33,2
DA:34,2
DA:35,2
LF:7
LH:7
BRDA:6,0,0,0
BRDA:6,0,1,2
BRDA:26,1,0,1
BRDA:26,1,1,1
BRDA:35,2,0,1
BRDA:35,2,1,1
BRF:6
BRH:5
end_of_record
TN:
SF:lib/validation/journal-entry.ts
FN:21,(anonymous_0)
FN:22,(anonymous_1)
FN:66,(anonymous_2)
FN:72,(anonymous_3)
FN:78,(anonymous_4)
FN:136,sanitizeString
FNF:6
FNH:5
FNDA:6,(anonymous_0)
FNDA:6,(anonymous_1)
FNDA:6,(anonymous_2)
FNDA:6,(anonymous_3)
FNDA:6,(anonymous_4)
FNDA:0,sanitizeString
DA:3,1
DA:5,1
DA:7,1
DA:9,1
DA:11,1
DA:20,1
DA:21,6
DA:22,6
DA:65,1
DA:67,6
DA:68,0
DA:70,6
DA:73,6
DA:74,0
DA:76,6
DA:79,6
DA:80,6
DA:82,0
DA:85,1
DA:89,1
DA:110,1
DA:119,1
DA:125,1
DA:127,1
DA:132,1
DA:137,0
LF:26
LH:22
BRDA:67,0,0,0
BRDA:67,0,1,6
BRDA:67,1,0,6
BRDA:67,1,1,0
BRDA:73,2,0,0
BRDA:73,2,1,6
BRDA:73,3,0,6
BRDA:73,3,1,0
BRDA:79,4,0,6
BRDA:79,4,1,0
BRDA:80,5,0,6
BRDA:80,5,1,6
BRF:12
BRH:7
end_of_record
